<html>
<body>
<pre>
<h1>µVision Build Log</h1>
<h2>Project:</h2>
D:\workspace\Gamebox_v2.0\project\MDK51(uV5.11)\GameBox_2.0.uvproj
Project File Date:  08/08/2015

<h2>Output:</h2>
Rebuild target 'Target 1'
assembling STARTUP.A51...
compiling main.c...
..\..\source\main.c(75): warning C280: 'i': unreferenced local variable
compiling display.c...
compiling keypad.c...
linking...
*** WARNING L16: UNCALLED SEGMENT, IGNORED FOR OVERLAY PROCESS
    SEGMENT: ?PR?_BUFFCPY_16BYTE?MAIN
*** WARNING L16: UNCALLED SEGMENT, IGNORED FOR OVERLAY PROCESS
    SEGMENT: ?PR?GET_KEYPAD?KEYPAD
Program Size: data=62.1 xdata=0 code=1112
creating hex file from "..\..\Output\GameBox_2.0"...
"..\..\Output\GameBox_2.0" - 0 Error(s), 3 Warning(s).
</pre>
</body>
</html>
Box_2.0"...
"..\..\Output\GameBox_2.0" - 0 Error(s), 4 Warning(s).
0 Error(s), 4 Warning(s).
'}'
..\..\source\HAL\keypad.c(11): error C141: syntax error near '='
..\..\source\HAL\keypad.c(11): error C141: syntax error near '='
..\..\source\HAL\keypad.c(11): error C141: syntax error near '}'
..\..\source\HAL\keypad.c(12): error C141: syntax error near '='
..\..\source\HAL\keypad.c(12): error C141: syntax error near '='
..\..\source\HAL\keypad.c(12): error C141: syntax error near '}'
..\..\source\HAL\keypad.c(13): error C141: syntax error near '='
..\..\source\HAL\keypad.c(13): error C141: syntax error near '='
..\..\source\HAL\keypad.c(13): error C141: syntax error near '}'
Target not created
 created
efined identifier
Target not created
..\..\source\HAL\STC15Fxxxx.h(824): warning C322: unknown identifier
..\..\source\HAL\STC15Fxxxx.h(826): warning C322: unknown identifier
..\..\source\HAL\STC15Fxxxx.h(828): warning C322: unknown identifier
linking...
*** WARNING L16: UNCALLED SEGMENT, IGNORED FOR OVERLAY PROCESS
    SEGMENT: ?PR?_BUFFCPY?MAIN
*** WARNING L16: UNCALLED SEGMENT, IGNORED FOR OVERLAY PROCESS
    SEGMENT: ?PR?_TNS?DISPLAY
*** WARNING L16: UNCALLED SEGMENT, IGNORED FOR OVERLAY PROCESS
    SEGMENT: ?PR?KEYPAD_INIT?KEYPAD
*** WARNING L16: UNCALLED SEGMENT, IGNORED FOR OVERLAY PROCESS
    SEGMENT: ?PR?KEYPAD_SCAN_POLL?KEYPAD
*** WARNING L16: UNCALLED SEGMENT, IGNORED FOR OVERLAY PROCESS
    SEGMENT: ?PR?GET_KEYPAD?KEYPAD
Program Size: data=52.0 xdata=0 code=744
creating hex file from "..\..\Output\GameBox_2.0"...
"..\..\Output\GameBox_2.0" - 0 Error(s), 26 Warning(s).
 0 Error(s), 26 Warning(s).
ARNING L16: UNCALLED SEGMENT, IGNORED FOR OVERLAY PROCESS
    SEGMENT: ?PR?KEYPAD_INIT?KEYPAD
*** WARNING L16: UNCALLED SEGMENT, IGNORED FOR OVERLAY PROCESS
    SEGMENT: ?PR?KEYPAD_SCAN_POLL?KEYPAD
*** WARNING L16: UNCALLED SEGMENT, IGNORED FOR OVERLAY PROCESS
    SEGMENT: ?PR?GET_KEYPAD?KEYPAD
Program Size: data=52.0 xdata=0 code=633
creating hex file from "..\..\Output\GameBox_2.0"...
"..\..\Output\GameBox_2.0" - 0 Error(s), 31 Warning(s).
ndefined identifier
..\..\source\HAL\IO_defines.h(87): error C202: 'P4': undefined identifier
..\..\source\HAL\IO_defines.h(88): error C202: 'P4': undefined identifier
..\..\source\HAL\IO_defines.h(178): error C202: 'P3': undefined identifier
..\..\source\HAL\IO_defines.h(179): error C202: 'P3': undefined identifier
..\..\source\HAL\IO_defines.h(180): error C202: 'P3': undefined identifier
..\..\source\HAL\IO_defines.h(181): error C202: 'P3': undefined identifier
..\..\source\HAL\IO_defines.h(182): error C202: 'P3': undefined identifier
..\..\source\HAL\display.c(4): error C129: missing ';' before 'xbuff'
..\..\source\HAL\display.c(261): error C300: unterminated comment
compiling keypad.c...
..\..\source\HAL\keypad.c(1): warning C318: can't open file 'config.h'
..\..\source\HAL\keypad.h(4): warning C318: can't open file 'typedef.h'
..\..\source\HAL\keypad.h(17): error C129: missing ';' before 'get_keypad'
Target not created
\IO_defines.h(180): error C202: 'P3': undefined identifier
..\..\source\HAL\IO_defines.h(181): error C202: 'P3': undefined identifier
..\..\source\HAL\IO_defines.h(182): error C202: 'P3': undefined identifier
..\..\source\HAL\display.c(4): error C129: missing ';' before 'buffer'
compiling keypad.c...
..\..\source\HAL\keypad.c(1): warning C318: can't open file 'config.h'
..\..\source\HAL\keypad.h(4): warning C318: can't open file 'typedef.h'
..\..\source\HAL\keypad.h(17): error C129: missing ';' before 'get_keypad'
Target not created
